<?xml version="1.0" encoding="UTF-8"?>
<!-- Generated by org.testng.reporters.JUnitReportReporter -->
<testsuite skipped="1" hostname="GDDT026" name="TestLuncher.TestNgPriority" tests="4" failures="0" timestamp="12 Nov 2018 12:26:32 GMT" time="0.009" errors="0">
  <testcase name="One" time="0.007" classname="TestLuncher.TestNgPriority"/>
  <testcase name="Three" time="0.001" classname="TestLuncher.TestNgPriority"/>
  <testcase name="Four" time="0.001" classname="TestLuncher.TestNgPriority"/>
  <testcase name="Two" classname="TestLuncher.TestNgPriority">
    <skipped/>
  </testcase> <!-- Two -->
</testsuite> <!-- TestLuncher.TestNgPriority -->
